<?xml version="1.0" encoding="UTF-8"?>
<testsuite xmlns:xsi="http://www.w3.org/2001/XMLSchema-instance" xsi:noNamespaceSchemaLocation="https://maven.apache.org/surefire/maven-surefire-plugin/xsd/surefire-test-report.xsd" name="Alugar filme" time="0.034" tests="5" errors="0" skipped="3" failures="0">
  <properties>
[...]
</properties>
  <testcase name="Deve alugar um filme com sucesso" classname="Alugar filme" time="0.005"/>
  <testcase name="EMPTY_NAME" classname="Alugar filme" time="0.001"/>
  <testcase name="EMPTY_NAME" classname="Alugar filme" time="0">
    <skipped message="The step &quot;que o tipo do aluguel seja extendido&quot; is undefined"/>
  </testcase>
  <testcase name="EMPTY_NAME" classname="Alugar filme" time="0">
    <skipped message="The step &quot;a data de entrega será em 3 dias&quot; is undefined"/>
  </testcase>
  <testcase name="EMPTY_NAME" classname="Alugar filme" time="0">
    <skipped message="The step &quot;a pontuação será de 2 pontos&quot; is undefined"/>
  </testcase>
</testsuite>